#####
## ADORE Shell Wrapper
#  - Input File: '/Users/mosser/work/adore/experiences/cccms_si4/system.adore' 
#  - Goal: nothing specified
#  - Strict compilation: relaxed
#####
## Compiling conrete syntax into facts ...
## Using '/var/folders/sF/sFsyOSuEFo0d19Tdumv3yE+++TI/-Tmp-/run_sh_XXXXXX.9ppLwxgh' as compiler output
% library(swi_hooks) compiled into pce_swi_hooks 0.00 sec, 3,688 bytes
%%%%%%%%%%%%%%%%%%%%%%%%%%%%%%%%%%%%%%%%%%%%%%%%%%%%%%%%%
%%            ADORE Copyright (C) 2008 - ...           %%
%%  Activity moDel supOrting oRchestration Evolution   %%
%%%%%%%%%%%%%%%%%%%%%%%%%%%%%%%%%%%%%%%%%%%%%%%%%%%%%%%%%
%% Authors: Sebastien Mosser & Mireille Blay-Fornarino %%
%% Main contact: mosser@polytech.unice.fr              %%
%% Website:      http://www.adore-design.org           %%
%%%%%%%%%%%%%%%%%%%%%%%%%%%%%%%%%%%%%%%%%%%%%%%%%%%%%%%%%
%%  This program comes with ABSOLUTELY NO WARRANTY.    %%
%%  This is free software, and you are welcome to      %%
%%  redistribute it under certain conditions.          %%
%%%%%%%%%%%%%%%%%%%%%%%%%%%%%%%%%%%%%%%%%%%%%%%%%%%%%%%%%
%%%%%%%% Loading the ADORE engine ...
%%%% Loading Prolog Internal Core
%  core/facts_model compiled 0.00 sec, 12,640 bytes
%  core/engine compiled 0.00 sec, 3,576 bytes
%  core/debug compiled 0.02 sec, 367,368 bytes
%  core/trace compiled 0.00 sec, 12,136 bytes
%  core/actions compiled 0.00 sec, 44,328 bytes
%  core/gensym compiled 0.00 sec, 1,424 bytes
%  core/helpers compiled 0.00 sec, 11,584 bytes
%  core/functions compiled 0.00 sec, 4,656 bytes
%  core/dependencies compiled 0.00 sec, 2,992 bytes
%  core/dataflow compiled 0.00 sec, 8,064 bytes
%  core/substitution compiled 0.00 sec, 2,584 bytes
%%%% Loading ADORE Metamodel
%  metamodel/universe compiled into universe 0.00 sec, 2,040 bytes
%  metamodel/activity compiled into activity 0.01 sec, 16,104 bytes
%  metamodel/context compiled into context 0.00 sec, 3,584 bytes
%  metamodel/process compiled into process 0.00 sec, 4,432 bytes
%  metamodel/variable compiled into variable 0.00 sec, 3,376 bytes
%  metamodel/relations compiled into relations 0.00 sec, 12,584 bytes
%%%% Loading Algorithms
%  algos/contextMerge compiled into contextMerge 0.00 sec, 11,856 bytes
%  algos/applyRewrite compiled into applyRewrite 0.00 sec, 7,344 bytes
%  algos/contextNormalization compiled into ctxNorm 0.00 sec, 1,576 bytes
%  algos/setify compiled into setify 0.00 sec, 13,048 bytes
%  algos/clone compiled into clone 0.00 sec, 18,184 bytes
%  algos/merge compiled into merge 0.01 sec, 24,296 bytes
%  algos/weave compiled into weave 0.00 sec, 30,024 bytes
%  algos/instantiateFragment compiled into instantiate 0.00 sec, 13,344 bytes
%  algos/processNormalization compiled into processNormalization 0.00 sec, 5,408 bytes
%  algos/processSimplification compiled into processSimplification 0.00 sec, 10,152 bytes
%  algos/tag compiled into tag 0.00 sec, 6,496 bytes
%  algos/refactor compiled into refactor 0.01 sec, 22,440 bytes
%%%% Loading Transformations
%  transfos/adore2dsl compiled into adore2dsl 0.00 sec, 30,600 bytes
%  transfos/adore2xml compiled into adore2xml 0.00 sec, 24,520 bytes
%  transfos/adore2dot compiled into adore2dot 0.00 sec, 27,032 bytes
%  transfos/adore2metrics compiled into metrics 0.00 sec, 23,536 bytes
%  transfos/adore2png compiled into adore2png 0.00 sec, 2,336 bytes
%  transfos/adore2dgraph compiled into adore2dgraph 0.00 sec, 26,736 bytes
%  transfos/adore2exec compiled into adore2exec 0.00 sec, 29,696 bytes
%%%% Loading Detection Rules
%  rules/concurrentAccess compiled into concurrentAccess 0.00 sec, 2,768 bytes
%  rules/conditionIncompletness compiled into conditionIncompletness 0.00 sec, 3,880 bytes
%%%% Loading Local Configuration
%   /Users/mosser/.adore.pl compiled 0.00 sec, 960 bytes
%  config compiled 0.00 sec, 3,088 bytes
%%%% Debug Channels Activation
% Listening debug channel algo
% Listening debug channel timer
%%%% Checking ADORE consistency
%%%%%%%% ADORE engine loaded !
% /Users/mosser/work/adore/prolog/init.pl compiled 0.07 sec, 938,976 bytes
% INFO: Running doInstantiate(logUpdate,cms_captureWitnessReport,lU1)
% INFO:   Computing action set
% INFO:   bind(op,prompt4RealCrisis)
% 4,370 inferences, 0.000 CPU in 0.001 seconds (0% CPU, Infinite Lips)
% INFO:   => Result: 29 actions
% INFO:   Executing action set
% 879 inferences, 0.000 CPU in 0.000 seconds (0% CPU, Infinite Lips)
% INFO: doInstantiate(logUpdate,cms_captureWitnessReport,lU1) ended with success!
% INFO: Running doInstantiate(logTime,cms_captureWitnessReport,lT1)
% INFO:   Computing action set
% INFO:   bind(op,prompt4RealCrisis)
% 5,931 inferences, 0.000 CPU in 0.001 seconds (0% CPU, Infinite Lips)
% INFO:   => Result: 55 actions
% INFO:   Executing action set
% 2,091 inferences, 0.000 CPU in 0.000 seconds (0% CPU, Infinite Lips)
% INFO: doInstantiate(logTime,cms_captureWitnessReport,lT1) ended with success!
% INFO: Running doMerge([lU1, lT1],lU_lT1)
% INFO:   Computing action set
% 2,183 inferences, 0.010 CPU in 0.001 seconds (1675% CPU, 218300 Lips)
% INFO:   => Result: 20 actions
% INFO:   Executing action set
% 6,610 inferences, 0.000 CPU in 0.001 seconds (0% CPU, Infinite Lips)
% INFO: doMerge([lU1, lT1],lU_lT1) ended with success!
% INFO: Running doWeave(...)
% INFO:   Computing action set
% INFO:   weave(lU_lT1,[fakeCrisisDetected_t])
% 8,724 inferences, 0.000 CPU in 0.002 seconds (0% CPU, Infinite Lips)
% INFO:   => Result: 30 actions
% INFO:   Executing action set
% 10,366 inferences, 0.000 CPU in 0.002 seconds (0% CPU, Infinite Lips)
% INFO: doWeave(...) ended with success!
% INFO: doProcessSimplification(fakeCrisisDetected) ...
% 146,915 inferences, 0.020 CPU in 0.022 seconds (89% CPU, 7345750 Lips)
% 6,936 inferences, 0.000 CPU in 0.001 seconds (0% CPU, Infinite Lips)
% INFO: ... done (62 actions).
% INFO: Running doInstantiate(logUpdate,cms_captureWitnessReport,lU2)
% INFO:   Computing action set
% INFO:   bind(op,displayVideoFeed)
% 3,492 inferences, 0.010 CPU in 0.001 seconds (1142% CPU, 349200 Lips)
% INFO:   => Result: 29 actions
% INFO:   Executing action set
% 879 inferences, 0.000 CPU in 0.000 seconds (0% CPU, Infinite Lips)
% INFO: doInstantiate(logUpdate,cms_captureWitnessReport,lU2) ended with success!
% INFO: Running doWeave(...)
% INFO:   Computing action set
% INFO:   weave(lU2,[requestVideo_a3])
% 6,231 inferences, 0.000 CPU in 0.001 seconds (0% CPU, Infinite Lips)
% INFO:   => Result: 12 actions
% INFO:   Executing action set
% 2,410 inferences, 0.000 CPU in 0.001 seconds (0% CPU, Infinite Lips)
% INFO: doWeave(...) ended with success!
% INFO: doProcessSimplification(requestVideo) ...
% 25,201 inferences, 0.000 CPU in 0.005 seconds (0% CPU, Infinite Lips)
% 1,623 inferences, 0.000 CPU in 0.000 seconds (0% CPU, Infinite Lips)
% INFO: ... done (17 actions).
% INFO: Running doClone(ignoreDisconnection,iD1)
% INFO:   Computing action set
% 2,370 inferences, 0.000 CPU in 0.001 seconds (0% CPU, Infinite Lips)
% INFO:   => Result: 14 actions
% INFO:   Executing action set
% 490 inferences, 0.000 CPU in 0.000 seconds (0% CPU, Infinite Lips)
% INFO: doClone(ignoreDisconnection,iD1) ended with success!
% INFO: Running doClone(fakeCrisisDetected,fCD2)
% INFO:   Computing action set
% 8,844 inferences, 0.000 CPU in 0.002 seconds (0% CPU, Infinite Lips)
% INFO:   => Result: 88 actions
% INFO:   Executing action set
% 4,864 inferences, 0.000 CPU in 0.001 seconds (0% CPU, Infinite Lips)
% INFO: doClone(fakeCrisisDetected,fCD2) ended with success!
% INFO: Running doInstantiate(logUpdate,cms_captureWitnessReport,lU3)
% INFO:   Computing action set
% INFO:   bind(op,promptCheckList)
% 3,990 inferences, 0.000 CPU in 0.001 seconds (0% CPU, Infinite Lips)
% INFO:   => Result: 29 actions
% INFO:   Executing action set
% 879 inferences, 0.000 CPU in 0.001 seconds (0% CPU, Infinite Lips)
% INFO: doInstantiate(logUpdate,cms_captureWitnessReport,lU3) ended with success!
% INFO: Running doInstantiate(logTime,cms_captureWitnessReport,lT2)
% INFO:   Computing action set
% INFO:   bind(op,promptCheckList)
% 7,206 inferences, 0.000 CPU in 0.002 seconds (0% CPU, Infinite Lips)
% INFO:   => Result: 55 actions
% INFO:   Executing action set
% 2,091 inferences, 0.000 CPU in 0.001 seconds (0% CPU, Infinite Lips)
% INFO: doInstantiate(logTime,cms_captureWitnessReport,lT2) ended with success!
% INFO: Running doInstantiate(logError,cms_captureWitnessReport,lE1)
% INFO:   Computing action set
% INFO:   bind(op,promptCheckList)
% INFO:   bind(exc,disconnected)
% INFO:   bind(msg,disconnected)
% 7,463 inferences, 0.010 CPU in 0.003 seconds (340% CPU, 746300 Lips)
% INFO:   => Result: 33 actions
% INFO:   Executing action set
% 1,019 inferences, 0.000 CPU in 0.000 seconds (0% CPU, Infinite Lips)
% INFO: doInstantiate(logError,cms_captureWitnessReport,lE1) ended with success!
% INFO: Running doMerge([iD1, fCD2, lU3, lT2, lE1],iD_fCD_lU_lT_lE)
% INFO:   Computing action set
% 5,680 inferences, 0.000 CPU in 0.002 seconds (0% CPU, Infinite Lips)
% INFO:   => Result: 43 actions
% INFO:   Executing action set
% 35,863 inferences, 0.010 CPU in 0.007 seconds (135% CPU, 3586300 Lips)
% INFO: doMerge([iD1, fCD2, lU3, lT2, lE1],iD_fCD_lU_lT_lE) ended with success!
% INFO: doProcessSimplification(iD_fCD_lU_lT_lE) ...
% 521,642 inferences, 0.070 CPU in 0.071 seconds (98% CPU, 7452029 Lips)
% 24,977 inferences, 0.000 CPU in 0.004 seconds (0% CPU, Infinite Lips)
% INFO: ... done (74 actions).
% INFO: Running doClone(callDisconnected,cD1)
% INFO:   Computing action set
% 3,781 inferences, 0.000 CPU in 0.001 seconds (0% CPU, Infinite Lips)
% INFO:   => Result: 22 actions
% INFO:   Executing action set
% 735 inferences, 0.000 CPU in 0.000 seconds (0% CPU, Infinite Lips)
% INFO: doClone(callDisconnected,cD1) ended with success!
% INFO: Running doInstantiate(logUpdate,cms_captureWitnessReport,lU4)
% INFO:   Computing action set
% INFO:   bind(op,promptPrelimInfo)
% 4,334 inferences, 0.000 CPU in 0.001 seconds (0% CPU, Infinite Lips)
% INFO:   => Result: 29 actions
% INFO:   Executing action set
% 879 inferences, 0.000 CPU in 0.000 seconds (0% CPU, Infinite Lips)
% INFO: doInstantiate(logUpdate,cms_captureWitnessReport,lU4) ended with success!
% INFO: Running doInstantiate(logTime,cms_captureWitnessReport,lT3)
% INFO:   Computing action set
% INFO:   bind(op,promptPrelimInfo)
% 7,814 inferences, 0.010 CPU in 0.002 seconds (561% CPU, 781400 Lips)
% INFO:   => Result: 55 actions
% INFO:   Executing action set
% 2,091 inferences, 0.000 CPU in 0.001 seconds (0% CPU, Infinite Lips)
% INFO: doInstantiate(logTime,cms_captureWitnessReport,lT3) ended with success!
% INFO: Running doInstantiate(logError,cms_captureWitnessReport,lE2)
% INFO:   Computing action set
% INFO:   bind(op,promptPrelimInfo)
% INFO:   bind(exc,disconnected)
% INFO:   bind(msg,disconnected)
% 8,141 inferences, 0.000 CPU in 0.003 seconds (0% CPU, Infinite Lips)
% INFO:   => Result: 33 actions
% INFO:   Executing action set
% 1,019 inferences, 0.000 CPU in 0.000 seconds (0% CPU, Infinite Lips)
% INFO: doInstantiate(logError,cms_captureWitnessReport,lE2) ended with success!
% INFO: Running doMerge([cD1, lU4, lT3, lE2],cD_lU_lT_lE)
% INFO:   Computing action set
% 4,779 inferences, 0.000 CPU in 0.002 seconds (0% CPU, Infinite Lips)
% INFO:   => Result: 32 actions
% INFO:   Executing action set
% 15,555 inferences, 0.000 CPU in 0.004 seconds (0% CPU, Infinite Lips)
% INFO: doMerge([cD1, lU4, lT3, lE2],cD_lU_lT_lE) ended with success!
% INFO: doProcessSimplification(cD_lU_lT_lE) ...
% 78,132 inferences, 0.010 CPU in 0.015 seconds (68% CPU, 7813200 Lips)
% 3,917 inferences, 0.000 CPU in 0.001 seconds (0% CPU, Infinite Lips)
% INFO: ... done (24 actions).
% INFO: Running doClone(callDisconnected,cD2)
% INFO:   Computing action set
% 4,171 inferences, 0.000 CPU in 0.001 seconds (0% CPU, Infinite Lips)
% INFO:   => Result: 22 actions
% INFO:   Executing action set
% 735 inferences, 0.000 CPU in 0.000 seconds (0% CPU, Infinite Lips)
% INFO: doClone(callDisconnected,cD2) ended with success!
% INFO: Running doInstantiate(logUpdate,cms_captureWitnessReport,lU5)
% INFO:   Computing action set
% INFO:   bind(op,promptWitnessInfo)
% 4,744 inferences, 0.000 CPU in 0.001 seconds (0% CPU, Infinite Lips)
% INFO:   => Result: 29 actions
% INFO:   Executing action set
% 879 inferences, 0.000 CPU in 0.000 seconds (0% CPU, Infinite Lips)
% INFO: doInstantiate(logUpdate,cms_captureWitnessReport,lU5) ended with success!
% INFO: Running doInstantiate(logTime,cms_captureWitnessReport,lT4)
% INFO:   Computing action set
% INFO:   bind(op,promptWitnessInfo)
% 8,524 inferences, 0.010 CPU in 0.003 seconds (328% CPU, 852400 Lips)
% INFO:   => Result: 55 actions
% INFO:   Executing action set
% 2,091 inferences, 0.000 CPU in 0.001 seconds (0% CPU, Infinite Lips)
% INFO: doInstantiate(logTime,cms_captureWitnessReport,lT4) ended with success!
% INFO: Running doInstantiate(logError,cms_captureWitnessReport,lE3)
% INFO:   Computing action set
% INFO:   bind(op,promptWitnessInfo)
% INFO:   bind(exc,disconnected)
% INFO:   bind(msg,disconnected)
% 8,941 inferences, 0.000 CPU in 0.003 seconds (0% CPU, Infinite Lips)
% INFO:   => Result: 33 actions
% INFO:   Executing action set
% 1,019 inferences, 0.000 CPU in 0.000 seconds (0% CPU, Infinite Lips)
% INFO: doInstantiate(logError,cms_captureWitnessReport,lE3) ended with success!
% INFO: Running doMerge([cD2, lU5, lT4, lE3],cD_lU_lT_lE2)
% INFO:   Computing action set
% 5,159 inferences, 0.000 CPU in 0.002 seconds (0% CPU, Infinite Lips)
% INFO:   => Result: 32 actions
% INFO:   Executing action set
% 15,555 inferences, 0.010 CPU in 0.004 seconds (259% CPU, 1555500 Lips)
% INFO: doMerge([cD2, lU5, lT4, lE3],cD_lU_lT_lE2) ended with success!
% INFO: doProcessSimplification(cD_lU_lT_lE2) ...
% 78,142 inferences, 0.010 CPU in 0.013 seconds (77% CPU, 7814200 Lips)
% 3,927 inferences, 0.000 CPU in 0.001 seconds (0% CPU, Infinite Lips)
% INFO: ... done (24 actions).
% INFO: Running doClone(logCreate,lC1)
% INFO:   Computing action set
% 4,664 inferences, 0.000 CPU in 0.001 seconds (0% CPU, Infinite Lips)
% INFO:   => Result: 23 actions
% INFO:   Executing action set
% 761 inferences, 0.000 CPU in 0.001 seconds (0% CPU, Infinite Lips)
% INFO: doClone(logCreate,lC1) ended with success!
% INFO: Running doClone(callDisconnected,cD2)
% INFO:   Computing action set
% 4,666 inferences, 0.000 CPU in 0.001 seconds (0% CPU, Infinite Lips)
% INFO:   => Result: 22 actions
% INFO:   Executing action set
% 735 inferences, 0.000 CPU in 0.001 seconds (0% CPU, Infinite Lips)
% INFO: doClone(callDisconnected,cD2) ended with success!
% INFO: Running doClone(fakeWitnessInfo,fWI1)
% INFO:   Computing action set
% 5,261 inferences, 0.010 CPU in 0.002 seconds (539% CPU, 526100 Lips)
% INFO:   => Result: 31 actions
% INFO:   Executing action set
% 843 inferences, 0.000 CPU in 0.000 seconds (0% CPU, Infinite Lips)
% INFO: doClone(fakeWitnessInfo,fWI1) ended with success!
% INFO: Running doInstantiate(requestVideo,cms_captureWitnessReport,rV1)
% INFO:   Computing action set
% INFO:   bind(user,coord)
% 9,612 inferences, 0.000 CPU in 0.003 seconds (0% CPU, Infinite Lips)
% INFO:   => Result: 62 actions
% INFO:   Executing action set
% 3,621 inferences, 0.000 CPU in 0.001 seconds (0% CPU, Infinite Lips)
% INFO: doInstantiate(requestVideo,cms_captureWitnessReport,rV1) ended with success!
% INFO: Running doWeave(...)
% INFO:   Computing action set
% INFO:   weave(lC1,[cms_captureWitnessReport_rcv])
% INFO:   weave(cD_lU_lT_lE,[cms_captureWitnessReport_a2])
% INFO:   weave(cD_lU_lT_lE2,[cms_captureWitnessReport_a10])
% INFO:   weave(iD_fCD_lU_lT_lE,[cms_captureWitnessReport_a4])
% INFO:   weave(fWI1,[cms_captureWitnessReport_a2a3])
% INFO:   weave(rV1,[cms_captureWitnessReport_a3, cms_captureWitnessReport_a4])
% 71,676 inferences, 0.020 CPU in 0.066 seconds (30% CPU, 3583800 Lips)
% INFO:   => Result: 165 actions
% INFO:   Executing action set
% 236,980 inferences, 0.030 CPU in 0.034 seconds (89% CPU, 7899333 Lips)
% INFO: doWeave(...) ended with success!
% INFO: doProcessSimplification(cms_captureWitnessReport) ...
% 57,718,059 inferences, 7.510 CPU in 7.507 seconds (100% CPU, 7685494 Lips)
% 1,317,851 inferences, 0.170 CPU in 0.175 seconds (97% CPU, 7752065 Lips)
% INFO: ... done (1507 actions).
% /var/folders/sF/sFsyOSuEFo0d19Tdumv3yE+++TI/-Tmp-/run_sh_XXXXXX.9ppLwxgh compiled 7.95 sec, 296,856 bytes
?- 